<?xml version="1.0" encoding="UTF-8"?>
<testng-results skipped="0" failed="1" total="3" passed="2">
  <reporter-output>
  </reporter-output>
  <suite name="Default suite" duration-ms="27925" started-at="2024-05-12T03:35:09Z" finished-at="2024-05-12T03:35:37Z">
    <groups>
    </groups>
    <test name="Default test" duration-ms="27925" started-at="2024-05-12T03:35:09Z" finished-at="2024-05-12T03:35:37Z">
      <class name="com.ng.LoginHRMWorkingWithExcel">
        <test-method status="FAIL" signature="ihgLogin(java.lang.String, java.lang.String)[pri:0, instance:com.ng.LoginHRMWorkingWithExcel@5c3bd550]" name="ihgLogin" duration-ms="3864" started-at="2024-05-11T23:35:10Z" data-provider="delhi" finished-at="2024-05-11T23:35:14Z">
          <params>
            <param index="0">
              <value>
                <![CDATA[Admin]]>
              </value>
            </param>
            <param index="1">
              <value>
                <![CDATA[admin123]]>
              </value>
            </param>
          </params>
          <exception class="org.openqa.selenium.SessionNotCreatedException">
            <message>
              <![CDATA[session not created: Chrome failed to start: exited normally.
  (session not created: DevToolsActivePort file doesn't exist)
  (The process started from chrome location C:\Program Files (x86)\Google\Chrome\Application\chrome.exe is no longer running, so ChromeDriver is assuming that Chrome has crashed.)
Build info: version: '3.141.59', revision: 'e82be7d358', time: '2018-11-14T08:17:03'
System info: host: 'DESKTOP-D1OEBDH', ip: '192.168.1.116', os.name: 'Windows 10', os.arch: 'amd64', os.version: '10.0', java.version: '1.8.0_411'
Driver info: driver.version: ChromeDriver
remote stacktrace: 	GetHandleVerifier [0x00007FF728781552+60802]
	(No symbol) [0x00007FF7286FAC52]
	(No symbol) [0x00007FF7285B7CE4]
	(No symbol) [0x00007FF7285EF30A]
	(No symbol) [0x00007FF7285EAA64]
	(No symbol) [0x00007FF728636037]
	(No symbol) [0x00007FF7286356B0]
	(No symbol) [0x00007FF72862A923]
	(No symbol) [0x00007FF7285F8FEC]
	(No symbol) [0x00007FF7285F9C21]
	GetHandleVerifier [0x00007FF728A841ED+3217949]
	GetHandleVerifier [0x00007FF728AC6187+3488183]
	GetHandleVerifier [0x00007FF728ABF10F+3459391]
	GetHandleVerifier [0x00007FF72883B916+823622]
	(No symbol) [0x00007FF728705FEF]
	(No symbol) [0x00007FF728700F14]
	(No symbol) [0x00007FF7287010A2]
	(No symbol) [0x00007FF7286F18F4]
	BaseThreadInitThunk [0x00007FFF147B7344+20]
	RtlUserThreadStart [0x00007FFF14A626B1+33]
]]>
            </message>
            <full-stacktrace>
              <![CDATA[org.openqa.selenium.SessionNotCreatedException: session not created: Chrome failed to start: exited normally.
  (session not created: DevToolsActivePort file doesn't exist)
  (The process started from chrome location C:\Program Files (x86)\Google\Chrome\Application\chrome.exe is no longer running, so ChromeDriver is assuming that Chrome has crashed.)
Build info: version: '3.141.59', revision: 'e82be7d358', time: '2018-11-14T08:17:03'
System info: host: 'DESKTOP-D1OEBDH', ip: '192.168.1.116', os.name: 'Windows 10', os.arch: 'amd64', os.version: '10.0', java.version: '1.8.0_411'
Driver info: driver.version: ChromeDriver
remote stacktrace: 	GetHandleVerifier [0x00007FF728781552+60802]
	(No symbol) [0x00007FF7286FAC52]
	(No symbol) [0x00007FF7285B7CE4]
	(No symbol) [0x00007FF7285EF30A]
	(No symbol) [0x00007FF7285EAA64]
	(No symbol) [0x00007FF728636037]
	(No symbol) [0x00007FF7286356B0]
	(No symbol) [0x00007FF72862A923]
	(No symbol) [0x00007FF7285F8FEC]
	(No symbol) [0x00007FF7285F9C21]
	GetHandleVerifier [0x00007FF728A841ED+3217949]
	GetHandleVerifier [0x00007FF728AC6187+3488183]
	GetHandleVerifier [0x00007FF728ABF10F+3459391]
	GetHandleVerifier [0x00007FF72883B916+823622]
	(No symbol) [0x00007FF728705FEF]
	(No symbol) [0x00007FF728700F14]
	(No symbol) [0x00007FF7287010A2]
	(No symbol) [0x00007FF7286F18F4]
	BaseThreadInitThunk [0x00007FFF147B7344+20]
	RtlUserThreadStart [0x00007FFF14A626B1+33]

	at sun.reflect.NativeConstructorAccessorImpl.newInstance0(Native Method)
	at sun.reflect.NativeConstructorAccessorImpl.newInstance(Unknown Source)
	at sun.reflect.DelegatingConstructorAccessorImpl.newInstance(Unknown Source)
	at java.lang.reflect.Constructor.newInstance(Unknown Source)
	at org.openqa.selenium.remote.W3CHandshakeResponse.lambda$errorHandler$0(W3CHandshakeResponse.java:62)
	at org.openqa.selenium.remote.HandshakeResponse.lambda$getResponseFunction$0(HandshakeResponse.java:30)
	at org.openqa.selenium.remote.ProtocolHandshake.lambda$createSession$0(ProtocolHandshake.java:126)
	at java.util.stream.ReferencePipeline$3$1.accept(Unknown Source)
	at java.util.Spliterators$ArraySpliterator.tryAdvance(Unknown Source)
	at java.util.stream.ReferencePipeline.forEachWithCancel(Unknown Source)
	at java.util.stream.AbstractPipeline.copyIntoWithCancel(Unknown Source)
	at java.util.stream.AbstractPipeline.copyInto(Unknown Source)
	at java.util.stream.AbstractPipeline.wrapAndCopyInto(Unknown Source)
	at java.util.stream.FindOps$FindOp.evaluateSequential(Unknown Source)
	at java.util.stream.AbstractPipeline.evaluate(Unknown Source)
	at java.util.stream.ReferencePipeline.findFirst(Unknown Source)
	at org.openqa.selenium.remote.ProtocolHandshake.createSession(ProtocolHandshake.java:128)
	at org.openqa.selenium.remote.ProtocolHandshake.createSession(ProtocolHandshake.java:74)
	at org.openqa.selenium.remote.HttpCommandExecutor.execute(HttpCommandExecutor.java:136)
	at org.openqa.selenium.remote.service.DriverCommandExecutor.execute(DriverCommandExecutor.java:83)
	at org.openqa.selenium.remote.RemoteWebDriver.execute(RemoteWebDriver.java:552)
	at org.openqa.selenium.remote.RemoteWebDriver.startSession(RemoteWebDriver.java:213)
	at org.openqa.selenium.remote.RemoteWebDriver.<init>(RemoteWebDriver.java:131)
	at org.openqa.selenium.chrome.ChromeDriver.<init>(ChromeDriver.java:181)
	at org.openqa.selenium.chrome.ChromeDriver.<init>(ChromeDriver.java:168)
	at org.openqa.selenium.chrome.ChromeDriver.<init>(ChromeDriver.java:123)
	at com.ng.LoginHRMWorkingWithExcel.ihgLogin(LoginHRMWorkingWithExcel.java:17)
	at sun.reflect.NativeMethodAccessorImpl.invoke0(Native Method)
	at sun.reflect.NativeMethodAccessorImpl.invoke(Unknown Source)
	at sun.reflect.DelegatingMethodAccessorImpl.invoke(Unknown Source)
	at java.lang.reflect.Method.invoke(Unknown Source)
	at org.testng.internal.MethodInvocationHelper.invokeMethod(MethodInvocationHelper.java:86)
	at org.testng.internal.Invoker.invokeMethod(Invoker.java:646)
	at org.testng.internal.Invoker.invokeTestMethod(Invoker.java:823)
	at org.testng.internal.Invoker.invokeTestMethods(Invoker.java:1131)
	at org.testng.internal.TestMethodWorker.invokeTestMethods(TestMethodWorker.java:129)
	at org.testng.internal.TestMethodWorker.run(TestMethodWorker.java:112)
	at org.testng.TestRunner.privateRun(TestRunner.java:778)
	at org.testng.TestRunner.run(TestRunner.java:632)
	at org.testng.SuiteRunner.runTest(SuiteRunner.java:366)
	at org.testng.SuiteRunner.runSequentially(SuiteRunner.java:361)
	at org.testng.SuiteRunner.privateRun(SuiteRunner.java:319)
	at org.testng.SuiteRunner.run(SuiteRunner.java:268)
	at org.testng.SuiteRunnerWorker.runSuite(SuiteRunnerWorker.java:52)
	at org.testng.SuiteRunnerWorker.run(SuiteRunnerWorker.java:86)
	at org.testng.TestNG.runSuitesSequentially(TestNG.java:1225)
	at org.testng.TestNG.runSuitesLocally(TestNG.java:1150)
	at org.testng.TestNG.runSuites(TestNG.java:1075)
	at org.testng.TestNG.run(TestNG.java:1047)
	at org.testng.remote.AbstractRemoteTestNG.run(AbstractRemoteTestNG.java:126)
	at org.testng.remote.RemoteTestNG.initAndRun(RemoteTestNG.java:137)
	at org.testng.remote.RemoteTestNG.main(RemoteTestNG.java:58)
]]>
            </full-stacktrace>
          </exception> <!-- org.openqa.selenium.SessionNotCreatedException -->
          <reporter-output>
          </reporter-output>
        </test-method> <!-- ihgLogin -->
        <test-method status="PASS" signature="ihgLogin(java.lang.String, java.lang.String)[pri:0, instance:com.ng.LoginHRMWorkingWithExcel@5c3bd550]" name="ihgLogin" duration-ms="11826" started-at="2024-05-11T23:35:14Z" data-provider="delhi" finished-at="2024-05-11T23:35:26Z">
          <params>
            <param index="0">
              <value>
                <![CDATA[rama]]>
              </value>
            </param>
            <param index="1">
              <value>
                <![CDATA[krishna]]>
              </value>
            </param>
          </params>
          <reporter-output>
          </reporter-output>
        </test-method> <!-- ihgLogin -->
        <test-method status="PASS" signature="ihgLogin(java.lang.String, java.lang.String)[pri:0, instance:com.ng.LoginHRMWorkingWithExcel@5c3bd550]" name="ihgLogin" duration-ms="11376" started-at="2024-05-11T23:35:26Z" data-provider="delhi" finished-at="2024-05-11T23:35:37Z">
          <params>
            <param index="0">
              <value>
                <![CDATA[lavanya]]>
              </value>
            </param>
            <param index="1">
              <value>
                <![CDATA[anuradha]]>
              </value>
            </param>
          </params>
          <reporter-output>
          </reporter-output>
        </test-method> <!-- ihgLogin -->
      </class> <!-- com.ng.LoginHRMWorkingWithExcel -->
    </test> <!-- Default test -->
  </suite> <!-- Default suite -->
</testng-results>
